[Parallel(n_jobs=-1)]: Using backend LokyBackend with 24 concurrent workers.
Memmapping (shape=(808, 7271200), dtype=float64) to new file /dev/shm/joblib_memmapping_folder_21419_1055791131/21419-47135243027176-91ced4e45c7d40a7b2f5db6940ba786f.pkl
Pickling array (shape=(808,), dtype=int64).
Pickling array (shape=(673,), dtype=int64).
Pickling array (shape=(135,), dtype=int64).
Memmapping (shape=(808, 7271200), dtype=float64) to old file /dev/shm/joblib_memmapping_folder_21419_1055791131/21419-47135243027176-91ced4e45c7d40a7b2f5db6940ba786f.pkl
Pickling array (shape=(808,), dtype=int64).
Pickling array (shape=(673,), dtype=int64).
Pickling array (shape=(135,), dtype=int64).
Memmapping (shape=(808, 7271200), dtype=float64) to old file /dev/shm/joblib_memmapping_folder_21419_1055791131/21419-47135243027176-91ced4e45c7d40a7b2f5db6940ba786f.pkl
Pickling array (shape=(808,), dtype=int64).
Pickling array (shape=(673,), dtype=int64).
Pickling array (shape=(135,), dtype=int64).
Memmapping (shape=(808, 7271200), dtype=float64) to old file /dev/shm/joblib_memmapping_folder_21419_1055791131/21419-47135243027176-91ced4e45c7d40a7b2f5db6940ba786f.pkl
Pickling array (shape=(808,), dtype=int64).
Pickling array (shape=(673,), dtype=int64).
Pickling array (shape=(135,), dtype=int64).
Memmapping (shape=(808, 7271200), dtype=float64) to old file /dev/shm/joblib_memmapping_folder_21419_1055791131/21419-47135243027176-91ced4e45c7d40a7b2f5db6940ba786f.pkl
Pickling array (shape=(808,), dtype=int64).
Pickling array (shape=(674,), dtype=int64).
Pickling array (shape=(134,), dtype=int64).
Memmapping (shape=(808, 7271200), dtype=float64) to old file /dev/shm/joblib_memmapping_folder_21419_1055791131/21419-47135243027176-91ced4e45c7d40a7b2f5db6940ba786f.pkl
Pickling array (shape=(808,), dtype=int64).
Pickling array (shape=(674,), dtype=int64).
Pickling array (shape=(134,), dtype=int64).
[Parallel(n_jobs=-1)]: Done   1 tasks      | elapsed:  5.6min
[Parallel(n_jobs=-1)]: Done   2 out of   6 | elapsed:  6.1min remaining: 12.3min
[Parallel(n_jobs=-1)]: Done   3 out of   6 | elapsed:  6.8min remaining:  6.8min
[Parallel(n_jobs=-1)]: Done   4 out of   6 | elapsed:  7.2min remaining:  3.6min
[Parallel(n_jobs=-1)]: Done   6 out of   6 | elapsed:  8.7min remaining:    0.0s
[Parallel(n_jobs=-1)]: Done   6 out of   6 | elapsed:  8.7min finished
SVC Mean CV Score: nan
[CV]  ................................................................
[CV] ...................................... , score=nan, total= 5.1min
/nethome/kcni/posborne/.local/lib/python3.6/site-packages/sklearn/model_selection/_validation.py:552: FitFailedWarning: Estimator fit failed. The score on this train-test partition for these parameters will be set to nan. Details: 
Traceback (most recent call last):
  File "/nethome/kcni/posborne/.local/lib/python3.6/site-packages/sklearn/model_selection/_validation.py", line 531, in _fit_and_score
    estimator.fit(X_train, y_train, **fit_params)
  File "/nethome/kcni/posborne/.local/lib/python3.6/site-packages/sklearn/pipeline.py", line 330, in fit
    Xt = self._fit(X, y, **fit_params_steps)
  File "/nethome/kcni/posborne/.local/lib/python3.6/site-packages/sklearn/pipeline.py", line 296, in _fit
    **fit_params_steps[name])
  File "/quarantine/PYTHON/anaconda3/envs/py36/lib/python3.6/site-packages/joblib/memory.py", line 355, in __call__
    return self.func(*args, **kwargs)
  File "/nethome/kcni/posborne/.local/lib/python3.6/site-packages/sklearn/pipeline.py", line 740, in _fit_transform_one
    res = transformer.fit_transform(X, y, **fit_params)
  File "/nethome/kcni/posborne/.local/lib/python3.6/site-packages/sklearn/base.py", line 693, in fit_transform
    return self.fit(X, y, **fit_params).transform(X)
  File "/nethome/kcni/posborne/.local/lib/python3.6/site-packages/sklearn/feature_selection/_univariate_selection.py", line 353, in fit
    score_func_ret = self.score_func(X, y)
  File "/nethome/kcni/posborne/.local/lib/python3.6/site-packages/sklearn/feature_selection/_univariate_selection.py", line 151, in f_classif
    return f_oneway(*args)
  File "/nethome/kcni/posborne/.local/lib/python3.6/site-packages/sklearn/feature_selection/_univariate_selection.py", line 95, in f_oneway
    args = [as_float_array(a) for a in args]
  File "/nethome/kcni/posborne/.local/lib/python3.6/site-packages/sklearn/feature_selection/_univariate_selection.py", line 95, in <listcomp>
    args = [as_float_array(a) for a in args]
  File "/nethome/kcni/posborne/.local/lib/python3.6/site-packages/sklearn/utils/validation.py", line 72, in inner_f
    return f(**kwargs)
  File "/nethome/kcni/posborne/.local/lib/python3.6/site-packages/sklearn/utils/validation.py", line 164, in as_float_array
    return X.copy('F' if X.flags['F_CONTIGUOUS'] else 'C') if copy else X
MemoryError: Unable to allocate array with shape (334, 7271200) and data type float64

  FitFailedWarning)
[CV]  ................................................................
[CV] ...................................... , score=nan, total= 5.6min
/nethome/kcni/posborne/.local/lib/python3.6/site-packages/sklearn/model_selection/_validation.py:552: FitFailedWarning: Estimator fit failed. The score on this train-test partition for these parameters will be set to nan. Details: 
Traceback (most recent call last):
  File "/nethome/kcni/posborne/.local/lib/python3.6/site-packages/sklearn/model_selection/_validation.py", line 531, in _fit_and_score
    estimator.fit(X_train, y_train, **fit_params)
  File "/nethome/kcni/posborne/.local/lib/python3.6/site-packages/sklearn/pipeline.py", line 330, in fit
    Xt = self._fit(X, y, **fit_params_steps)
  File "/nethome/kcni/posborne/.local/lib/python3.6/site-packages/sklearn/pipeline.py", line 296, in _fit
    **fit_params_steps[name])
  File "/quarantine/PYTHON/anaconda3/envs/py36/lib/python3.6/site-packages/joblib/memory.py", line 355, in __call__
    return self.func(*args, **kwargs)
  File "/nethome/kcni/posborne/.local/lib/python3.6/site-packages/sklearn/pipeline.py", line 740, in _fit_transform_one
    res = transformer.fit_transform(X, y, **fit_params)
  File "/nethome/kcni/posborne/.local/lib/python3.6/site-packages/sklearn/base.py", line 693, in fit_transform
    return self.fit(X, y, **fit_params).transform(X)
  File "/nethome/kcni/posborne/.local/lib/python3.6/site-packages/sklearn/feature_selection/_univariate_selection.py", line 353, in fit
    score_func_ret = self.score_func(X, y)
  File "/nethome/kcni/posborne/.local/lib/python3.6/site-packages/sklearn/feature_selection/_univariate_selection.py", line 151, in f_classif
    return f_oneway(*args)
  File "/nethome/kcni/posborne/.local/lib/python3.6/site-packages/sklearn/feature_selection/_univariate_selection.py", line 95, in f_oneway
    args = [as_float_array(a) for a in args]
  File "/nethome/kcni/posborne/.local/lib/python3.6/site-packages/sklearn/feature_selection/_univariate_selection.py", line 95, in <listcomp>
    args = [as_float_array(a) for a in args]
  File "/nethome/kcni/posborne/.local/lib/python3.6/site-packages/sklearn/utils/validation.py", line 72, in inner_f
    return f(**kwargs)
  File "/nethome/kcni/posborne/.local/lib/python3.6/site-packages/sklearn/utils/validation.py", line 164, in as_float_array
    return X.copy('F' if X.flags['F_CONTIGUOUS'] else 'C') if copy else X
MemoryError: Unable to allocate array with shape (334, 7271200) and data type float64

  FitFailedWarning)
[CV]  ................................................................
[CV] ...................................... , score=nan, total= 6.3min
/nethome/kcni/posborne/.local/lib/python3.6/site-packages/sklearn/model_selection/_validation.py:552: FitFailedWarning: Estimator fit failed. The score on this train-test partition for these parameters will be set to nan. Details: 
Traceback (most recent call last):
  File "/nethome/kcni/posborne/.local/lib/python3.6/site-packages/sklearn/model_selection/_validation.py", line 531, in _fit_and_score
    estimator.fit(X_train, y_train, **fit_params)
  File "/nethome/kcni/posborne/.local/lib/python3.6/site-packages/sklearn/pipeline.py", line 330, in fit
    Xt = self._fit(X, y, **fit_params_steps)
  File "/nethome/kcni/posborne/.local/lib/python3.6/site-packages/sklearn/pipeline.py", line 296, in _fit
    **fit_params_steps[name])
  File "/quarantine/PYTHON/anaconda3/envs/py36/lib/python3.6/site-packages/joblib/memory.py", line 355, in __call__
    return self.func(*args, **kwargs)
  File "/nethome/kcni/posborne/.local/lib/python3.6/site-packages/sklearn/pipeline.py", line 740, in _fit_transform_one
    res = transformer.fit_transform(X, y, **fit_params)
  File "/nethome/kcni/posborne/.local/lib/python3.6/site-packages/sklearn/base.py", line 693, in fit_transform
    return self.fit(X, y, **fit_params).transform(X)
  File "/nethome/kcni/posborne/.local/lib/python3.6/site-packages/sklearn/feature_selection/_univariate_selection.py", line 353, in fit
    score_func_ret = self.score_func(X, y)
  File "/nethome/kcni/posborne/.local/lib/python3.6/site-packages/sklearn/feature_selection/_univariate_selection.py", line 151, in f_classif
    return f_oneway(*args)
  File "/nethome/kcni/posborne/.local/lib/python3.6/site-packages/sklearn/feature_selection/_univariate_selection.py", line 98, in f_oneway
    ss_alldata = sum(safe_sqr(a).sum(axis=0) for a in args)
  File "/nethome/kcni/posborne/.local/lib/python3.6/site-packages/sklearn/feature_selection/_univariate_selection.py", line 98, in <genexpr>
    ss_alldata = sum(safe_sqr(a).sum(axis=0) for a in args)
  File "/nethome/kcni/posborne/.local/lib/python3.6/site-packages/sklearn/utils/validation.py", line 72, in inner_f
    return f(**kwargs)
  File "/nethome/kcni/posborne/.local/lib/python3.6/site-packages/sklearn/utils/__init__.py", line 712, in safe_sqr
    X = X ** 2
MemoryError: Unable to allocate array with shape (335, 7271200) and data type float64

  FitFailedWarning)
[CV]  ................................................................
[CV] .................................... , score=0.537, total= 6.7min
[CV]  ................................................................
[CV] .................................... , score=0.504, total= 8.1min
[CV]  ................................................................
[CV] .................................... , score=0.526, total= 8.2min
